<TestRun id="abe4ff2e-96c4-40af-8931-213d2a54d718" xmlns=http://microsoft.com/schemas/VisualStudio/TeamTest/2010">
  <TestSettings name="default >
</TestRun>