<?xml version="1.0" encoding="utf-8"?>
<TestRun id="abe4ff2e-96c4-40af-8931-213d2a54d718" name="myuser@MY-MACHINE 2024-02-16 12:26:11" runUser="MYDOMAIN\myuser" xmlns="http://microsoft.com/schemas/VisualStudio/TeamTest/2010">
  <Times creation="2024-02-16T12:26:11.1096727-07:00" queuing="2024-02-16T12:26:11.1096729-07:00" start="2024-02-16T12:26:10.3181654-07:00" finish="2024-02-16T12:26:11.1156289-07:00" />
  <Results></Results>
  <TestDefinitions></TestDefinitions>
  <TestEntries></TestEntries>
  <TestLists>
    <TestList name="Results Not in a List" id="8c84fa94-04c1-424b-9868-57a2d4851a1d" />
    <TestList name="All Loaded Results" id="19431567-8539-422a-85d7-44ee4e166bda" />
  </TestLists>
</TestRun>