<?xml version="1.0" encoding="utf-8"?>
<TestRun id="808a5446-8133-4d5a-9a2b-a58b5db3a047" name="myuser@MY-MACHINE 2024-02-21 13:43:46" runUser="MYDOMAIN\myuser" xmlns="http://microsoft.com/schemas/VisualStudio/TeamTest/2010">
  <Times creation="2024-02-21T13:43:46.5143122-07:00" queuing="2024-02-21T13:43:46.5143127-07:00" start="2024-02-21T13:43:45.7198761-07:00" finish="2024-02-21T13:43:46.5245604-07:00" />
  <TestSettings name="default" id="8ee24c85-02e2-49c5-bd6c-8c6c3f49e76a">
    <Deployment runDeploymentRoot="myuser_MY-MACHINE_2024-02-21_13_43_46" />
  </TestSettings>
  <Results>
    <UnitTestResult executionId="49f53981-a391-4a96-b0d1-dfc1f2efbd58" testId="09917f6f-ce84-0a6f-b407-bec561fda4c1" testName="Allow.Failures.MathTests.OnePlusOneShouldNotEqualFive" computerName="MY-MACHINE" duration="00:00:00.0065475" startTime="2024-02-21T13:43:46.3841020-07:00" endTime="2024-02-21T13:43:46.3841023-07:00" testType="13cdc9d9-ddb5-4fa4-a97d-d965ccfc6d4b" outcome="Failed" testListId="8c84fa94-04c1-424b-9868-57a2d4851a1d" relativeResultsDirectory="49f53981-a391-4a96-b0d1-dfc1f2efbd58">
      <Output>
        <ErrorInfo>
          <Message>Assert.NotEqual() Failure: Values are equal&#xD;
Expected: Not 2&#xD;
Actual:       2</Message>
          <StackTrace>   at Allow.Failures.MathTests.OnePlusOneShouldNotEqualFive() in C:\code\widget\MathTests.cs:line 19</StackTrace>
        </ErrorInfo>
      </Output>
    </UnitTestResult>
  </Results>
  <TestDefinitions>
    <UnitTest name="Allow.Failures.MathTests.OnePlusOneShouldNotEqualFive" storage="c:\code\widget\bin\release\net6.0\allow.failures.dll" id="09917f6f-ce84-0a6f-b407-bec561fda4c1">
      <Execution id="49f53981-a391-4a96-b0d1-dfc1f2efbd58" />
      <TestMethod codeBase="C:\code\widget\bin\Release\net6.0\Allow.Failures.dll" adapterTypeName="executor://xunit/VsTestRunner2/netcoreapp" className="Allow.Failures.MathTests" name="OnePlusOneShouldNotEqualFive" />
    </UnitTest>
  </TestDefinitions>
  <TestEntries>
    <TestEntry testId="09917f6f-ce84-0a6f-b407-bec561fda4c1" executionId="49f53981-a391-4a96-b0d1-dfc1f2efbd58" testListId="8c84fa94-04c1-424b-9868-57a2d4851a1d" />
  </TestEntries>
  <TestLists>
    <TestList name="Results Not in a List" id="8c84fa94-04c1-424b-9868-57a2d4851a1d" />
    <TestList name="All Loaded Results" id="19431567-8539-422a-85d7-44ee4e166bda" />
  </TestLists>
  <ResultSummary outcome="Failed">
    <Counters total="1" executed="1" passed="0" failed="1" error="0" timeout="0" aborted="0" inconclusive="0" passedButRunAborted="0" notRunnable="0" notExecuted="0" disconnected="0" warning="0" completed="0" inProgress="0" pending="0" />
    <RunInfos>
      <RunInfo computerName="MY-MACHINE" outcome="Error" timestamp="2024-02-21T13:43:46.3794356-07:00">
        <Text>[xUnit.net 00:00:00.26]     Allow.Failures.MathTests.OnePlusOneShouldNotEqualFive [FAIL]</Text>
      </RunInfo>
    </RunInfos>
  </ResultSummary>
</TestRun>