<?xml version="1.0" encoding="utf-8"?>
<TestRun id="5cc8bf66-48e2-4dec-9e22-b88e5aea85d4" name="myuser@MY-MACHINE 2024-02-20 08:47:32" runUser="MYDOMAIN\myuser" xmlns="http://microsoft.com/schemas/VisualStudio/TeamTest/2010">
  <Times creation="2024-02-20T08:47:32.0865722-07:00" queuing="2024-02-20T08:47:32.0865724-07:00" start="2024-02-20T08:47:31.2336389-07:00" finish="2024-02-20T08:47:32.0869708-07:00" />
  <TestSettings name="default" id="9c2f9c73-5ff3-4612-aa2d-8f932dffe44d">
    <Deployment runDeploymentRoot="myuser_MY-MACHINE_2024-02-20_08_47_32" />
  </TestSettings>
  <TestLists>
    <TestList name="Results Not in a List" id="8c84fa94-04c1-424b-9868-57a2d4851a1d" />
    <TestList name="All Loaded Results" id="19431567-8539-422a-85d7-44ee4e166bda" />
  </TestLists>
  <ResultSummary outcome="Completed">
    <Counters total="0" executed="0" passed="0" failed="0" error="0" timeout="0" aborted="0" inconclusive="0" passedButRunAborted="0" notRunnable="0" notExecuted="0" disconnected="0" warning="0" completed="0" inProgress="0" pending="0" />
    <RunInfos>
      <RunInfo computerName="MY-MACHINE" outcome="Warning" timestamp="2024-02-20T08:47:32.0360839-07:00">
        <Text>No test is available</Text>
      </RunInfo>
    </RunInfos>
  </ResultSummary>
</TestRun>