<?xml version="1.0" encoding="utf-8"?>
<Something id="abe4ff2e-96c4-40af-8931-213d2a54d718" name="myuser@MY-MACHINE 2024-02-16 12:26:11" runUser="MYDOMAIN\myuser" xmlns="http://microsoft.com/schemas/VisualStudio/TeamTest/2010">
</Something>