<?xml version="1.0" encoding="utf-8"?>
<TestRun id="1abf42d2-9498-4cc7-9db7-42ecb1ba46a9" name="daniada@SJL-F8W0SQ3 2024-02-20 09:41:34" runUser="EXTENDHEALTH\daniada" xmlns="http://microsoft.com/schemas/VisualStudio/TeamTest/2010">
  <Times creation="2024-02-20T09:41:34.0473688-07:00" queuing="2024-02-20T09:41:34.0473691-07:00" start="2024-02-20T09:41:32.8448362-07:00" finish="2024-02-20T09:41:34.0518417-07:00" />
  <Results prop="TestingEmptyUnitTests"></Results>
  <TestDefinitions prop="TestingEmptyUnitTests"></TestDefinitions>
  <TestEntries prop="TestingEmptyUnitTests"></TestEntries>
  <ResultSummary outcome="Completed">
    <Counters total="0" executed="0" passed="0" failed="0" error="0" timeout="0" aborted="0" inconclusive="0" passedButRunAborted="0" notRunnable="0" notExecuted="0" disconnected="0" warning="0" completed="0" inProgress="0" pending="0" />
    <RunInfos>
      <RunInfo outcome="Warning" timestamp="2024-02-20T08:47:32.0360839-07:00">
        <Text>No test is available</Text>
      </RunInfo>
    </RunInfos>
  </ResultSummary>
</TestRun>