<?xml version="1.0" encoding="utf-8"?>
<TestRun id="cfc78377-a146-4111-a46c-22cd20e96176" name="myuser@MY-MACHINE 2024-02-20 12:39:54" runUser="MYDOMAIN\myuser" xmlns="http://microsoft.com/schemas/VisualStudio/TeamTest/2010">
  <Times creation="2024-02-20T12:39:54.4599849-07:00" queuing="2024-02-20T12:39:54.4599852-07:00" start="2024-02-20T12:39:53.8238711-07:00" finish="2024-02-20T12:39:54.4643259-07:00" />
  <TestSettings name="default" id="dcc3e5e7-3a13-404c-8b10-39bbc90ae3ea">
    <Deployment runDeploymentRoot="myuser_MY-MACHINE_2024-02-20_12_39_54" />
  </TestSettings>
  <Results>
    <UnitTestResult executionId="1cb0e28f-f003-4728-88e5-cd447fddc9a5" testId="09917f6f-ce84-0a6f-b407-bec561fda4c1" testName="Widget.Tests.MathTests.OnePlusOneShouldNotEqualFive" computerName="MY-MACHINE" duration="00:00:00.0010362" startTime="2024-02-20T12:39:54.3830052-07:00" endTime="2024-02-20T12:39:54.3830209-07:00" testType="13cdc9d9-ddb5-4fa4-a97d-d965ccfc6d4b" outcome="Passed" testListId="8c84fa94-04c1-424b-9868-57a2d4851a1d" relativeResultsDirectory="1cb0e28f-f003-4728-88e5-cd447fddc9a5" />
  </Results>
  <TestDefinitions>
    <UnitTest name="Widget.Tests.MathTests.OnePlusOneShouldNotEqualFive" storage="c:\code\widget\bin\release\net6.0\widget.tests.dll" id="09917f6f-ce84-0a6f-b407-bec561fda4c1">
      <Execution id="1cb0e28f-f003-4728-88e5-cd447fddc9a5" />
      <TestMethod codeBase="C:\code\widget\bin\Release\net6.0\Widget.Tests.dll" adapterTypeName="executor://xunit/VsTestRunner2/netcoreapp" className="Widget.Tests.MathTests" name="OnePlusOneShouldNotEqualFive" />
    </UnitTest>
  </TestDefinitions>
  <TestEntries>
    <TestEntry testId="09917f6f-ce84-0a6f-b407-bec561fda4c1" executionId="1cb0e28f-f003-4728-88e5-cd447fddc9a5" testListId="8c84fa94-04c1-424b-9868-57a2d4851a1d" />
  </TestEntries>
  <TestLists>
    <TestList name="Results Not in a List" id="8c84fa94-04c1-424b-9868-57a2d4851a1d" />
    <TestList name="All Loaded Results" id="19431567-8539-422a-85d7-44ee4e166bda" />
  </TestLists>
  <ResultSummary outcome="Completed">
    <Counters total="1" executed="1" passed="1" failed="0" error="0" timeout="0" aborted="0" inconclusive="0" passedButRunAborted="0" notRunnable="0" notExecuted="0" disconnected="0" warning="0" completed="0" inProgress="0" pending="0" />
  </ResultSummary>
</TestRun>